Express server listening on port 8080
render index page
[90mGET / [32m200 [90m9ms - 10.04kb[0m
[90mGET /javascripts/exampleChoose.js [36m304 [90m3ms[0m
[90mGET /javascripts/jquery.scrollTo-1.4.2/jquery.scrollTo-min.js [36m304 [90m1ms[0m
[90mGET /stylesheets/styles.css [36m304 [90m0ms[0m
[90mGET /javascripts/execution.js [36m304 [90m1ms[0m
[90mGET /javascripts/script.js [36m304 [90m0ms[0m
compilation
biyacc file generated
BiFluX upd file generated
BiFluX hs file generated
{ [Error: Command failed: 
/tmp/expr.hs:35:24:
    Couldn't match type `Map [Char] DynType'
                  with `containers-0.5.0.0:Data.Map.Base.Map String DynType'
    Expected type: EnvT
      Actual type: Map [Char] DynType
    In the expression: Concrete.typeEnv
    In the second argument of `myLensMenu', namely
      `(Concrete.typeEnv, Abstract.typeEnv)'
    In the expression:
      myLensMenu
        ast
        (Concrete.typeEnv, Abstract.typeEnv)
        (Concrete.xmlTypeEnv, Abstract.xmlTypeEnv)
        ("expr", "arith")

/tmp/expr.hs:35:42:
    Couldn't match type `Map [Char] DynType'
                  with `containers-0.5.0.0:Data.Map.Base.Map String DynType'
    Expected type: EnvT
      Actual type: Map [Char] DynType
    In the expression: Abstract.typeEnv
    In the second argument of `myLensMenu', namely
      `(Concrete.typeEnv, Abstract.typeEnv)'
    In the expression:
      myLensMenu
        ast
        (Concrete.typeEnv, Abstract.typeEnv)
        (Concrete.xmlTypeEnv, Abstract.xmlTypeEnv)
        ("expr", "arith")

/tmp/expr.hs:35:61:
    Couldn't match type `Map [Char] XmlT'
                  with `containers-0.5.0.0:Data.Map.Base.Map String XmlT'
    Expected type: EnvXmlT
      Actual type: Map [Char] XmlT
    In the expression: Concrete.xmlTypeEnv
    In the third argument of `myLensMenu', namely
      `(Concrete.xmlTypeEnv, Abstract.xmlTypeEnv)'
    In the expression:
      myLensMenu
        ast
        (Concrete.typeEnv, Abstract.typeEnv)
        (Concrete.xmlTypeEnv, Abstract.xmlTypeEnv)
        ("expr", "arith")

/tmp/expr.hs:35:82:
    Couldn't match type `Map [Char] XmlT'
                  with `containers-0.5.0.0:Data.Map.Base.Map String XmlT'
    Expected type: EnvXmlT
      Actual type: Map [Char] XmlT
    In the expression: Abstract.xmlTypeEnv
    In the third argument of `myLensMenu', namely
      `(Concrete.xmlTypeEnv, Abstract.xmlTypeEnv)'
    In the expression:
      myLensMenu
        ast
        (Concrete.typeEnv, Abstract.typeEnv)
        (Concrete.xmlTypeEnv, Abstract.xmlTypeEnv)
        ("expr", "arith")
] killed: false, code: 1, signal: null }
[90mGET /compile?sourceDTD=Concrete%0A%0AExpr+-%3E+Expr+'%2B'+Term%0A++++++%7C+Expr+'-'+Term%0A++++++%7C+Term%0A%0ATerm+-%3E+Term+'*'+Factor%0A++++++%7C+Term+'%2F'+Factor%0A++++++%7C+Factor%0A%0AFactor+-%3E+'-'+Factor%0A++++++++%7C+String%0A++++++++%7C+'('+Expr+')'%0A&targetDTD=Abstract%0A%0AArith+%3D+ADD+Arith+Arith%0A++++++%7C+SUB+Arith+Arith%0A++++++%7C+MUL+Arith+Arith%0A++++++%7C+DIV+Arith+Arith%0A++++++%7C+NUM+String%0A&actions=Actions%0A%0AArith+%2B%3E+Expr%0AADD+lhs+++++++rhs++-%3E+(lhs+%3D%3E+Expr)+'%2B'+(rhs+%3D%3E+Term)%0ASUB+lhs+++++++rhs++-%3E+(lhs+%3D%3E+Expr)+'-'+(rhs+%3D%3E+Term)%0Aarith+++++++++++++++++++++-%3E+(arith+%3D%3E+Term)%0A%0A%0AArith+%2B%3E+Term%0AMUL+lhs+rhs+-%3E+(lhs+%3D%3E+Term)+'*'+(rhs+%3D%3E+Factor)%0ADIV+lhs+rhs+-%3E+(lhs+%3D%3E+Term)+'%2F'+(rhs+%3D%3E+Factor)%0Aarith+++++++-%3E+(arith+%3D%3E+Factor)%0A%0AArith+%2B%3E+Factor%0ASUB+(NUM+%220%22)+rhs+-%3E+'-'+(rhs+%3D%3E+Factor)%0ANUM+n+++++++++++++-%3E+(n+%3D%3E+String)%0Aarith+++++++++++++-%3E+'('+(arith+%3D%3E+Expr)+')'%0A [36m304 [90m1298ms[0m
render index page
[90mGET / [32m200 [90m2ms - 10.04kb[0m
[90mGET /javascripts/exampleChoose.js [36m304 [90m1ms[0m
[90mGET /javascripts/jquery.scrollTo-1.4.2/jquery.scrollTo-min.js [36m304 [90m0ms[0m
[90mGET /stylesheets/styles.css [36m304 [90m1ms[0m
[90mGET /javascripts/script.js [36m304 [90m1ms[0m
[90mGET /javascripts/execution.js [36m304 [90m1ms[0m
compilation
biyacc file generated
BiFluX upd file generated
BiFluX hs file generated
/usr/local/bin/ghc out.hs finished.
[90mGET /compile?sourceDTD=Concrete%0A%0AExpr+-%3E+Expr+'%2B'+Term%0A++++++%7C+Expr+'-'+Term%0A++++++%7C+Term%0A%0ATerm+-%3E+Term+'*'+Factor%0A++++++%7C+Term+'%2F'+Factor%0A++++++%7C+Factor%0A%0AFactor+-%3E+'-'+Factor%0A++++++++%7C+String%0A++++++++%7C+'('+Expr+')'%0A&targetDTD=Abstract%0A%0AArith+%3D+ADD+Arith+Arith%0A++++++%7C+SUB+Arith+Arith%0A++++++%7C+MUL+Arith+Arith%0A++++++%7C+DIV+Arith+Arith%0A++++++%7C+NUM+String%0A&actions=Actions%0A%0AArith+%2B%3E+Expr%0AADD+lhs+++++++rhs++-%3E+(lhs+%3D%3E+Expr)+'%2B'+(rhs+%3D%3E+Term)%0ASUB+lhs+++++++rhs++-%3E+(lhs+%3D%3E+Expr)+'-'+(rhs+%3D%3E+Term)%0Aarith+++++++++++++++++++++-%3E+(arith+%3D%3E+Term)%0A%0A%0AArith+%2B%3E+Term%0AMUL+lhs+rhs+-%3E+(lhs+%3D%3E+Term)+'*'+(rhs+%3D%3E+Factor)%0ADIV+lhs+rhs+-%3E+(lhs+%3D%3E+Term)+'%2F'+(rhs+%3D%3E+Factor)%0Aarith+++++++-%3E+(arith+%3D%3E+Factor)%0A%0AArith+%2B%3E+Factor%0ASUB+(NUM+%220%22)+rhs+-%3E+'-'+(rhs+%3D%3E+Factor)%0ANUM+n+++++++++++++-%3E+(n+%3D%3E+String)%0Aarith+++++++++++++-%3E+'('+(arith+%3D%3E+Expr)+')'%0A [32m200 [90m2223ms - 87b[0m
[90mGET /images/form_bg.jpg [36m304 [90m1ms[0m
cstring.txt saved
{ [Error: Command failed: ./exe/ExprPPP: 1: ./exe/ExprPPP: Syntax error: Unterminated quoted string
] killed: false, code: 2, signal: null }
[90mGET /bx?sourceString=(1%2B2*(0-4))&targetXML=please+run+forward+transformation&flag=f [32m200 [90m35363ms[0m
render index page
[90mGET / [32m200 [90m2ms - 10.04kb[0m
[90mGET /javascripts/exampleChoose.js [36m304 [90m0ms[0m
[90mGET /stylesheets/styles.css [36m304 [90m1ms[0m
[90mGET /javascripts/jquery.scrollTo-1.4.2/jquery.scrollTo-min.js [36m304 [90m0ms[0m
[90mGET /javascripts/script.js [36m304 [90m1ms[0m
[90mGET /javascripts/execution.js [36m304 [90m1ms[0m
render index page
[90mGET / [32m200 [90m1ms - 10.04kb[0m
[90mGET /javascripts/exampleChoose.js [36m304 [90m0ms[0m
[90mGET /javascripts/jquery.scrollTo-1.4.2/jquery.scrollTo-min.js [36m304 [90m0ms[0m
[90mGET /javascripts/script.js [36m304 [90m1ms[0m
[90mGET /stylesheets/styles.css [36m304 [90m1ms[0m
[90mGET /javascripts/execution.js [36m304 [90m1ms[0m
compilation
biyacc file generated
BiFluX upd file generated
BiFluX hs file generated
/usr/local/bin/ghc out.hs finished.
[90mGET /compile?sourceDTD=Concrete%0A%0AExpr+-%3E+Expr+'%2B'+Term%0A++++++%7C+Expr+'-'+Term%0A++++++%7C+Term%0A%0ATerm+-%3E+Term+'*'+Factor%0A++++++%7C+Term+'%2F'+Factor%0A++++++%7C+Factor%0A%0AFactor+-%3E+'-'+Factor%0A++++++++%7C+String%0A++++++++%7C+'('+Expr+')'%0A&targetDTD=Abstract%0A%0AArith+%3D+ADD+Arith+Arith%0A++++++%7C+SUB+Arith+Arith%0A++++++%7C+MUL+Arith+Arith%0A++++++%7C+DIV+Arith+Arith%0A++++++%7C+NUM+String%0A&actions=Actions%0A%0AArith+%2B%3E+Expr%0AADD+lhs+++++++rhs++-%3E+(lhs+%3D%3E+Expr)+'%2B'+(rhs+%3D%3E+Term)%0ASUB+lhs+++++++rhs++-%3E+(lhs+%3D%3E+Expr)+'-'+(rhs+%3D%3E+Term)%0Aarith+++++++++++++++++++++-%3E+(arith+%3D%3E+Term)%0A%0A%0AArith+%2B%3E+Term%0AMUL+lhs+rhs+-%3E+(lhs+%3D%3E+Term)+'*'+(rhs+%3D%3E+Factor)%0ADIV+lhs+rhs+-%3E+(lhs+%3D%3E+Term)+'%2F'+(rhs+%3D%3E+Factor)%0Aarith+++++++-%3E+(arith+%3D%3E+Factor)%0A%0AArith+%2B%3E+Factor%0ASUB+(NUM+%220%22)+rhs+-%3E+'-'+(rhs+%3D%3E+Factor)%0ANUM+n+++++++++++++-%3E+(n+%3D%3E+String)%0Aarith+++++++++++++-%3E+'('+(arith+%3D%3E+Expr)+')'%0A [36m304 [90m2176ms[0m
cstring.txt saved
{ [Error: Command failed: ExprPPP: xmllint: readCreateProcess: runInteractiveProcess: exec: does not exist (No such file or directory)
] killed: false, code: 1, signal: null }
Express server listening on port 8080
render index page
[90mGET / [36m304 [90m9ms[0m
[90mGET /javascripts/exampleChoose.js [36m304 [90m2ms[0m
[90mGET /stylesheets/styles.css [36m304 [90m1ms[0m
[90mGET /javascripts/jquery.scrollTo-1.4.2/jquery.scrollTo-min.js [36m304 [90m1ms[0m
[90mGET /javascripts/execution.js [36m304 [90m1ms[0m
[90mGET /javascripts/script.js [36m304 [90m0ms[0m
[90mGET /images/gradient_light.jpg [33m404 [90m1ms[0m
[90mGET /images/new_arrow.jpg [36m304 [90m1ms[0m
[90mGET /images/form_bg.jpg [36m304 [90m1ms[0m
render index page
[90mGET / [32m200 [90m8ms - 10.04kb[0m
[90mGET /javascripts/exampleChoose.js [32m200 [90m3ms - 3.32kb[0m
[90mGET /stylesheets/styles.css [32m200 [90m3ms - 10.08kb[0m
[90mGET /javascripts/script.js [32m200 [90m2ms - 368b[0m
[90mGET /javascripts/jquery.scrollTo-1.4.2/jquery.scrollTo-min.js [32m200 [90m2ms - 2.21kb[0m
[90mGET /javascripts/execution.js [32m200 [90m3ms - 5.6kb[0m
[90mGET /images/gradient_light.jpg [33m404 [90m1ms[0m
[90mGET /images/new_arrow.jpg [32m200 [90m1ms - 682b[0m
[90mGET /images/form_bg.jpg [32m200 [90m0ms - 326b[0m
render index page
[90mGET / [32m200 [90m2ms - 10.04kb[0m
[90mGET /javascripts/exampleChoose.js [32m200 [90m1ms - 3.32kb[0m
[90mGET /javascripts/jquery.scrollTo-1.4.2/jquery.scrollTo-min.js [32m200 [90m2ms - 2.21kb[0m
[90mGET /stylesheets/styles.css [32m200 [90m3ms - 10.08kb[0m
[90mGET /javascripts/script.js [32m200 [90m3ms - 368b[0m
[90mGET /javascripts/execution.js [32m200 [90m2ms - 5.6kb[0m
[90mGET /images/gradient_light.jpg [33m404 [90m1ms[0m
[90mGET /images/new_arrow.jpg [32m200 [90m3ms - 682b[0m
[90mGET /images/form_bg.jpg [32m200 [90m0ms - 326b[0m
[90mGET /manager/html [33m404 [90m1ms[0m
render index page
[90mGET / [32m200 [90m1ms - 10.04kb[0m
[90mGET /javascripts/exampleChoose.js [32m200 [90m1ms - 3.32kb[0m
[90mGET /javascripts/jquery.scrollTo-1.4.2/jquery.scrollTo-min.js [32m200 [90m0ms - 2.21kb[0m
[90mGET /javascripts/script.js [32m200 [90m1ms - 368b[0m
[90mGET /javascripts/execution.js [32m200 [90m1ms - 5.6kb[0m
[90mGET /stylesheets/styles.css [32m200 [90m0ms - 10.08kb[0m
[90mGET /images/gradient_light.jpg [33m404 [90m0ms[0m
[90mGET /images/new_arrow.jpg [32m200 [90m1ms - 682b[0m
[90mGET /images/form_bg.jpg [32m200 [90m0ms - 326b[0m
compilation
biyacc file generated
BiFluX upd file generated
BiFluX hs file generated
/usr/local/bin/ghc out.hs finished.
[90mGET /compile?sourceDTD=Concrete%0A%0AExpr+-%3E+Expr+'%2B'+Term%0A++++++%7C+Expr+'-'+Term%0A++++++%7C+Term%0A%0ATerm+-%3E+Term+'*'+Factor%0A++++++%7C+Term+'%2F'+Factor%0A++++++%7C+Factor%0A%0AFactor+-%3E+'-'+Factor%0A++++++++%7C+String%0A++++++++%7C+'('+Expr+')'%0A&targetDTD=Abstract%0A%0AArith+%3D+ADD+Arith+Arith%0A++++++%7C+SUB+Arith+Arith%0A++++++%7C+MUL+Arith+Arith%0A++++++%7C+DIV+Arith+Arith%0A++++++%7C+NUM+String%0A&actions=Actions%0A%0AArith+%2B%3E+Expr%0AADD+lhs+++++++rhs++-%3E+(lhs+%3D%3E+Expr)+'%2B'+(rhs+%3D%3E+Term)%0ASUB+lhs+++++++rhs++-%3E+(lhs+%3D%3E+Expr)+'-'+(rhs+%3D%3E+Term)%0Aarith+++++++++++++++++++++-%3E+(arith+%3D%3E+Term)%0A%0A%0AArith+%2B%3E+Term%0AMUL+lhs+rhs+-%3E+(lhs+%3D%3E+Term)+'*'+(rhs+%3D%3E+Factor)%0ADIV+lhs+rhs+-%3E+(lhs+%3D%3E+Term)+'%2F'+(rhs+%3D%3E+Factor)%0Aarith+++++++-%3E+(arith+%3D%3E+Factor)%0A%0AArith+%2B%3E+Factor%0ASUB+(NUM+%220%22)+rhs+-%3E+'-'+(rhs+%3D%3E+Factor)%0ANUM+n+++++++++++++-%3E+(n+%3D%3E+String)%0Aarith+++++++++++++-%3E+'('+(arith+%3D%3E+Expr)+')'%0A [32m200 [90m2208ms - 87b[0m
[90mGET /images/form_bg.jpg [36m304 [90m1ms[0m
cstring.txt saved
concrete.xml generated
successfully generated result target xml file(abstract.xml)
send updated source to client
[90mGET /bx?sourceString=(1%2B2*(0-4))&targetXML=please+run+forward+transformation&flag=f [32m200 [90m737ms - 766b[0m
cstring.txt saved
concrete.xml generated
successfully generated result target xml file(concrete.xml)
send updated source to client
[90mGET /bx?sourceString=(1%2B2*(0-4))&targetXML=%3C%3Fxml+version%3D%221.0%22%3F%3E%0A%3Carith%3E%0A++%3Cadd%3E%0A++++%3Carith%3E%0A++++++%3Cnum%3E%0A++++++++%3Cbiyaccpcdata%3E1%3C%2Fbiyaccpcdata%3E%0A++++++%3C%2Fnum%3E%0A++++%3C%2Farith%3E%0A++++%3Carith%3E%0A++++++%3Cmul%3E%0A++++++++%3Carith%3E%0A++++++++++%3Cnum%3E%0A++++++++++++%3Cbiyaccpcdata%3E2%3C%2Fbiyaccpcdata%3E%0A++++++++++%3C%2Fnum%3E%0A++++++++%3C%2Farith%3E%0A++++++++%3Carith%3E%0A++++++++++%3Csub%3E%0A++++++++++++%3Carith%3E%0A++++++++++++++%3Cnum%3E%0A++++++++++++++++%3Cbiyaccpcdata%3E1%3C%2Fbiyaccpcdata%3E%0A++++++++++++++%3C%2Fnum%3E%0A++++++++++++%3C%2Farith%3E%0A++++++++++++%3Carith%3E%0A++++++++++++++%3Cnum%3E%0A++++++++++++++++%3Cbiyaccpcdata%3E4%3C%2Fbiyaccpcdata%3E%0A++++++++++++++%3C%2Fnum%3E%0A++++++++++++%3C%2Farith%3E%0A++++++++++%3C%2Fsub%3E%0A++++++++%3C%2Farith%3E%0A++++++%3C%2Fmul%3E%0A++++%3C%2Farith%3E%0A++%3C%2Fadd%3E%0A%3C%2Farith%3E%0A&flag=b [32m200 [90m27ms - 121b[0m
render index page
[90mGET / [32m200 [90m1ms - 10.04kb[0m
[90mGET /tmUnblock.cgi [33m404 [90m1ms[0m
[90mGET /tmUnblock.cgi [33m404 [90m1ms[0m
render index page
[90mGET / [32m200 [90m1ms - 10.04kb[0m
render index page
[90mGET / [32m200 [90m3ms - 10.04kb[0m
render index page
[90mGET / [32m200 [90m1ms - 10.04kb[0m
[90mGET /javascripts/exampleChoose.js [32m200 [90m1ms - 3.32kb[0m
[90mGET /stylesheets/styles.css [32m200 [90m0ms - 10.08kb[0m
[90mGET /javascripts/jquery.scrollTo-1.4.2/jquery.scrollTo-min.js [32m200 [90m2ms - 2.21kb[0m
[90mGET /javascripts/execution.js [32m200 [90m3ms - 5.6kb[0m
[90mGET /javascripts/script.js [32m200 [90m2ms - 368b[0m
[90mGET /images/gradient_light.jpg [33m404 [90m1ms[0m
[90mGET /images/new_arrow.jpg [32m200 [90m1ms - 682b[0m
[90mGET /images/form_bg.jpg [32m200 [90m1ms - 326b[0m
compilation
biyacc file generated
BiFluX upd file generated
BiFluX hs file generated
/usr/local/bin/ghc out.hs finished.
[90mGET /compile?sourceDTD=Concrete%0A%0AExpr+-%3E+Expr+'%2B'+Term%0A++++++%7C+Expr+'-'+Term%0A++++++%7C+Term%0A%0ATerm+-%3E+Term+'*'+Factor%0A++++++%7C+Term+'%2F'+Factor%0A++++++%7C+Factor%0A%0AFactor+-%3E+'-'+Factor%0A++++++++%7C+String%0A++++++++%7C+'('+Expr+')'%0A&targetDTD=Abstract%0A%0AArith+%3D+ADD+Arith+Arith%0A++++++%7C+SUB+Arith+Arith%0A++++++%7C+MUL+Arith+Arith%0A++++++%7C+DIV+Arith+Arith%0A++++++%7C+NUM+String%0A&actions=Actions%0A%0AArith+%2B%3E+Expr%0AADD+lhs+++++++rhs++-%3E+(lhs+%3D%3E+Expr)+'%2B'+(rhs+%3D%3E+Term)%0ASUB+lhs+++++++rhs++-%3E+(lhs+%3D%3E+Expr)+'-'+(rhs+%3D%3E+Term)%0Aarith+++++++++++++++++++++-%3E+(arith+%3D%3E+Term)%0A%0A%0AArith+%2B%3E+Term%0AMUL+lhs+rhs+-%3E+(lhs+%3D%3E+Term)+'*'+(rhs+%3D%3E+Factor)%0ADIV+lhs+rhs+-%3E+(lhs+%3D%3E+Term)+'%2F'+(rhs+%3D%3E+Factor)%0Aarith+++++++-%3E+(arith+%3D%3E+Factor)%0A%0AArith+%2B%3E+Factor%0ASUB+(NUM+%220%22)+rhs+-%3E+'-'+(rhs+%3D%3E+Factor)%0ANUM+n+++++++++++++-%3E+(n+%3D%3E+String)%0Aarith+++++++++++++-%3E+'('+(arith+%3D%3E+Expr)+')'%0A [32m200 [90m2215ms - 87b[0m
[90mGET /images/form_bg.jpg [36m304 [90m0ms[0m
cstring.txt saved
concrete.xml generated
cstring.txt saved
concrete.xml generated
successfully generated result target xml file(abstract.xml)
send updated source to client
[90mGET /bx?sourceString=3&targetXML=please+run+forward+transformation&flag=f [32m200 [90m41ms - 202b[0m
cstring.txt saved
concrete.xml generated
successfully generated result target xml file(abstract.xml)
send updated source to client
[90mGET /bx?sourceString=(3)&targetXML=%3C%3Fxml+version%3D%221.0%22%3F%3E%0A%3Carith%3E%0A++%3Cnum%3E%0A++++%3Cbiyaccpcdata%3E3%3C%2Fbiyaccpcdata%3E%0A++%3C%2Fnum%3E%0A%3C%2Farith%3E%0A&flag=f [32m200 [90m171ms - 202b[0m
cstring.txt saved
concrete.xml generated
successfully generated result target xml file(abstract.xml)
send updated source to client
[90mGET /bx?sourceString=((3))&targetXML=%3C%3Fxml+version%3D%221.0%22%3F%3E%0A%3Carith%3E%0A++%3Cnum%3E%0A++++%3Cbiyaccpcdata%3E3%3C%2Fbiyaccpcdata%3E%0A++%3C%2Fnum%3E%0A%3C%2Farith%3E%0A&flag=f [32m200 [90m4245ms - 202b[0m
cstring.txt saved
concrete.xml generated
successfully generated result target xml file(concrete.xml)
send updated source to client
[90mGET /bx?sourceString=((3))&targetXML=%3C%3Fxml+version%3D%221.0%22%3F%3E%0A%3Carith%3E%0A++%3Cnum%3E%0A++++%3Cbiyaccpcdata%3E5%3C%2Fbiyaccpcdata%3E%0A++%3C%2Fnum%3E%0A%3C%2Farith%3E%0A&flag=b [32m200 [90m47ms - 109b[0m
error 01
{ [Error: Command failed: ] killed: true, code: null, signal: 'SIGTERM' }
[90mGET /bx?sourceString=(((3)))&targetXML=please+run+forward+transformation&flag=f [32m200 [90m60010ms - 82b[0m
render index page
[90mGET / [36m304 [90m1ms[0m
[90mGET /javascripts/exampleChoose.js [36m304 [90m1ms[0m
[90mGET /stylesheets/styles.css [36m304 [90m0ms[0m
[90mGET /javascripts/script.js [36m304 [90m2ms[0m
[90mGET /javascripts/execution.js [36m304 [90m1ms[0m
[90mGET /javascripts/jquery.scrollTo-1.4.2/jquery.scrollTo-min.js [36m304 [90m0ms[0m
[90mGET /images/gradient_light.jpg [33m404 [90m1ms[0m
[90mGET /images/new_arrow.jpg [36m304 [90m1ms[0m
[90mGET /images/form_bg.jpg [36m304 [90m2ms[0m
compilation
biyacc file generated
BiFluX upd file generated
BiFluX hs file generated
/usr/local/bin/ghc out.hs finished.
[90mGET /compile?sourceDTD=Concrete%0A%0AExpr+-%3E+Expr+'%2B'+Term%0A++++++%7C+Expr+'-'+Term%0A++++++%7C+Term%0A%0ATerm+-%3E+Term+'*'+Factor%0A++++++%7C+Term+'%2F'+Factor%0A++++++%7C+Factor%0A%0AFactor+-%3E+'-'+Factor%0A++++++++%7C+String%0A++++++++%7C+'('+Expr+')'%0A&targetDTD=Abstract%0A%0AArith+%3D+ADD+Arith+Arith%0A++++++%7C+SUB+Arith+Arith%0A++++++%7C+MUL+Arith+Arith%0A++++++%7C+DIV+Arith+Arith%0A++++++%7C+NUM+String%0A&actions=Actions%0A%0AArith+%2B%3E+Expr%0AADD+lhs+++++++rhs++-%3E+(lhs+%3D%3E+Expr)+'%2B'+(rhs+%3D%3E+Term)%0ASUB+lhs+++++++rhs++-%3E+(lhs+%3D%3E+Expr)+'-'+(rhs+%3D%3E+Term)%0Aarith+++++++++++++++++++++-%3E+(arith+%3D%3E+Term)%0A%0A%0AArith+%2B%3E+Term%0AMUL+lhs+rhs+-%3E+(lhs+%3D%3E+Term)+'*'+(rhs+%3D%3E+Factor)%0ADIV+lhs+rhs+-%3E+(lhs+%3D%3E+Term)+'%2F'+(rhs+%3D%3E+Factor)%0Aarith+++++++-%3E+(arith+%3D%3E+Factor)%0A%0AArith+%2B%3E+Factor%0ASUB+(NUM+%220%22)+rhs+-%3E+'-'+(rhs+%3D%3E+Factor)%0ANUM+n+++++++++++++-%3E+(n+%3D%3E+String)%0Aarith+++++++++++++-%3E+'('+(arith+%3D%3E+Expr)+')'%0A [36m304 [90m2252ms[0m
[90mGET /images/form_bg.jpg [36m304 [90m0ms[0m
cstring.txt saved
concrete.xml generated
successfully generated result target xml file(abstract.xml)
send updated source to client
[90mGET /bx?sourceString=(1-2*3%2B4)&targetXML=please+run+forward+transformation&flag=f [32m200 [90m213ms - 766b[0m
cstring.txt saved
concrete.xml generated
successfully generated result target xml file(abstract.xml)
send updated source to client
[90mGET /bx?sourceString=(1-2%2B3*4)&targetXML=%3C%3Fxml+version%3D%221.0%22%3F%3E%0A%3Carith%3E%0A++%3Cadd%3E%0A++++%3Carith%3E%0A++++++%3Csub%3E%0A++++++++%3Carith%3E%0A++++++++++%3Cnum%3E%0A++++++++++++%3Cbiyaccpcdata%3E1%3C%2Fbiyaccpcdata%3E%0A++++++++++%3C%2Fnum%3E%0A++++++++%3C%2Farith%3E%0A++++++++%3Carith%3E%0A++++++++++%3Cmul%3E%0A++++++++++++%3Carith%3E%0A++++++++++++++%3Cnum%3E%0A++++++++++++++++%3Cbiyaccpcdata%3E2%3C%2Fbiyaccpcdata%3E%0A++++++++++++++%3C%2Fnum%3E%0A++++++++++++%3C%2Farith%3E%0A++++++++++++%3Carith%3E%0A++++++++++++++%3Cnum%3E%0A++++++++++++++++%3Cbiyaccpcdata%3E3%3C%2Fbiyaccpcdata%3E%0A++++++++++++++%3C%2Fnum%3E%0A++++++++++++%3C%2Farith%3E%0A++++++++++%3C%2Fmul%3E%0A++++++++%3C%2Farith%3E%0A++++++%3C%2Fsub%3E%0A++++%3C%2Farith%3E%0A++++%3Carith%3E%0A++++++%3Cnum%3E%0A++++++++%3Cbiyaccpcdata%3E4%3C%2Fbiyaccpcdata%3E%0A++++++%3C%2Fnum%3E%0A++++%3C%2Farith%3E%0A++%3C%2Fadd%3E%0A%3C%2Farith%3E%0A&flag=f [32m200 [90m197ms - 730b[0m
cstring.txt saved
concrete.xml generated
successfully generated result target xml file(abstract.xml)
send updated source to client
[90mGET /bx?sourceString=(-1%2B2*3)&targetXML=%3C%3Fxml+version%3D%221.0%22%3F%3E%0A%3Carith%3E%0A++%3Cadd%3E%0A++++%3Carith%3E%0A++++++%3Csub%3E%0A++++++++%3Carith%3E%0A++++++++++%3Cnum%3E%0A++++++++++++%3Cbiyaccpcdata%3E1%3C%2Fbiyaccpcdata%3E%0A++++++++++%3C%2Fnum%3E%0A++++++++%3C%2Farith%3E%0A++++++++%3Carith%3E%0A++++++++++%3Cnum%3E%0A++++++++++++%3Cbiyaccpcdata%3E2%3C%2Fbiyaccpcdata%3E%0A++++++++++%3C%2Fnum%3E%0A++++++++%3C%2Farith%3E%0A++++++%3C%2Fsub%3E%0A++++%3C%2Farith%3E%0A++++%3Carith%3E%0A++++++%3Cmul%3E%0A++++++++%3Carith%3E%0A++++++++++%3Cnum%3E%0A++++++++++++%3Cbiyaccpcdata%3E3%3C%2Fbiyaccpcdata%3E%0A++++++++++%3C%2Fnum%3E%0A++++++++%3C%2Farith%3E%0A++++++++%3Carith%3E%0A++++++++++%3Cnum%3E%0A++++++++++++%3Cbiyaccpcdata%3E4%3C%2Fbiyaccpcdata%3E%0A++++++++++%3C%2Fnum%3E%0A++++++++%3C%2Farith%3E%0A++++++%3C%2Fmul%3E%0A++++%3C%2Farith%3E%0A++%3C%2Fadd%3E%0A%3C%2Farith%3E%0A&flag=f [32m200 [90m79ms - 730b[0m
cstring.txt saved
concrete.xml generated
successfully generated result target xml file(concrete.xml)
send updated source to client
[90mGET /bx?sourceString=(-1%2B2*3)&targetXML=%3C%3Fxml+version%3D%221.0%22%3F%3E%0A%3Carith%3E%0A++%3Cadd%3E%0A++++%3Carith%3E%0A++++++%3Csub%3E%0A++++++++%3Carith%3E%0A++++++++++%3Cnum%3E%0A++++++++++++%3Cbiyaccpcdata%3E0%3C%2Fbiyaccpcdata%3E%0A++++++++++%3C%2Fnum%3E%0A++++++++%3C%2Farith%3E%0A++++++++%3Carith%3E%0A++++++++++%3Cnum%3E%0A++++++++++++%3Cbiyaccpcdata%3E4%3C%2Fbiyaccpcdata%3E%0A++++++++++%3C%2Fnum%3E%0A++++++++%3C%2Farith%3E%0A++++++%3C%2Fsub%3E%0A++++%3C%2Farith%3E%0A++++%3Carith%3E%0A++++++%3Cnum%3E%3Cbiyaccpcdata%3E5%3C%2Fbiyaccpcdata%3E%3C%2Fnum%3E%0A++++%3C%2Farith%3E%0A++%3C%2Fadd%3E%0A%3C%2Farith%3E%0A&flag=b [32m200 [90m23ms - 112b[0m
cstring.txt saved
concrete.xml generated
successfully generated result target xml file(abstract.xml)
send updated source to client
[90mGET /bx?sourceString=1-2*3%2B4&targetXML=%3C%3Fxml+version%3D%221.0%22%3F%3E%0A%3Carith%3E%0A++%3Cadd%3E%0A++++%3Carith%3E%0A++++++%3Csub%3E%0A++++++++%3Carith%3E%0A++++++++++%3Cnum%3E%0A++++++++++++%3Cbiyaccpcdata%3E0%3C%2Fbiyaccpcdata%3E%0A++++++++++%3C%2Fnum%3E%0A++++++++%3C%2Farith%3E%0A++++++++%3Carith%3E%0A++++++++++%3Cnum%3E%0A++++++++++++%3Cbiyaccpcdata%3E4%3C%2Fbiyaccpcdata%3E%0A++++++++++%3C%2Fnum%3E%0A++++++++%3C%2Farith%3E%0A++++++%3C%2Fsub%3E%0A++++%3C%2Farith%3E%0A++++%3Carith%3E%0A++++++%3Cnum%3E%3Cbiyaccpcdata%3E5%3C%2Fbiyaccpcdata%3E%3C%2Fnum%3E%0A++++%3C%2Farith%3E%0A++%3C%2Fadd%3E%0A%3C%2Farith%3E%0A&flag=f [32m200 [90m22ms - 766b[0m
cstring.txt saved
concrete.xml generated
successfully generated result target xml file(concrete.xml)
send updated source to client
[90mGET /bx?sourceString=1-2*3%2B4&targetXML=%3C%3Fxml+version%3D%221.0%22%3F%3E%0A%3Carith%3E%0A++%3Cadd%3E%0A++++%3Carith%3E%0A++++++%3Csub%3E%0A++++++++%3Carith%3E%0A++++++++++%3Cnum%3E%0A++++++++++++%3Cbiyaccpcdata%3E5%3C%2Fbiyaccpcdata%3E%0A++++++++++%3C%2Fnum%3E%0A++++++++%3C%2Farith%3E%0A++++++++%3Carith%3E%0A++++++++++%3Cmul%3E%0A++++++++++++%3Carith%3E%0A++++++++++++++%3Cnum%3E%0A++++++++++++++++%3Cbiyaccpcdata%3E2%3C%2Fbiyaccpcdata%3E%0A++++++++++++++%3C%2Fnum%3E%0A++++++++++++%3C%2Farith%3E%0A++++++++++++%3Carith%3E%0A++++++++++++++%3Cnum%3E%0A++++++++++++++++%3Cbiyaccpcdata%3E3%3C%2Fbiyaccpcdata%3E%0A++++++++++++++%3C%2Fnum%3E%0A++++++++++++%3C%2Farith%3E%0A++++++++++%3C%2Fmul%3E%0A++++++++%3C%2Farith%3E%0A++++++%3C%2Fsub%3E%0A++++%3C%2Farith%3E%0A++++%3Carith%3E%0A++++++%3Cnum%3E%0A++++++++%3Cbiyaccpcdata%3E4%3C%2Fbiyaccpcdata%3E%0A++++++%3C%2Fnum%3E%0A++++%3C%2Farith%3E%0A++%3C%2Fadd%3E%0A%3C%2Farith%3E%0A&flag=b [32m200 [90m24ms - 117b[0m
render index page
[90mGET / [32m200 [90m1ms - 10.04kb[0m
[90mGET /stylesheets/styles.css [32m200 [90m1ms - 10.08kb[0m
[90mGET /javascripts/jquery.scrollTo-1.4.2/jquery.scrollTo-min.js [32m200 [90m0ms - 2.21kb[0m
[90mGET /javascripts/script.js [32m200 [90m0ms - 368b[0m
[90mGET /javascripts/exampleChoose.js [32m200 [90m0ms - 3.32kb[0m
[90mGET /javascripts/execution.js [32m200 [90m1ms - 5.6kb[0m
[90mGET /images/gradient_light.jpg [33m404 [90m1ms[0m
[90mGET /images/new_arrow.jpg [32m200 [90m1ms - 682b[0m
[90mGET /images/form_bg.jpg [32m200 [90m1ms - 326b[0m
compilation
biyacc file generated
BiFluX upd file generated
BiFluX hs file generated
/usr/local/bin/ghc out.hs finished.
[90mGET /compile?sourceDTD=Concrete%0A%0AExpr+-%3E+Expr+'%2B'+Term%0A++++++%7C+Expr+'-'+Term%0A++++++%7C+Term%0A%0ATerm+-%3E+Term+'*'+Factor%0A++++++%7C+Term+'%2F'+Factor%0A++++++%7C+Factor%0A%0AFactor+-%3E+'-'+Factor%0A++++++++%7C+String%0A++++++++%7C+'('+Expr+')'%0A&targetDTD=Abstract%0A%0AArith+%3D+ADD+Arith+Arith%0A++++++%7C+SUB+Arith+Arith%0A++++++%7C+MUL+Arith+Arith%0A++++++%7C+DIV+Arith+Arith%0A++++++%7C+NUM+String%0A&actions=Actions%0A%0AArith+%2B%3E+Expr%0AADD+lhs+++++++rhs++-%3E+(lhs+%3D%3E+Expr)+'%2B'+(rhs+%3D%3E+Term)%0ASUB+lhs+++++++rhs++-%3E+(lhs+%3D%3E+Expr)+'-'+(rhs+%3D%3E+Term)%0Aarith+++++++++++++++++++++-%3E+(arith+%3D%3E+Term)%0A%0A%0AArith+%2B%3E+Term%0AMUL+lhs+rhs+-%3E+(lhs+%3D%3E+Term)+'*'+(rhs+%3D%3E+Factor)%0ADIV+lhs+rhs+-%3E+(lhs+%3D%3E+Term)+'%2F'+(rhs+%3D%3E+Factor)%0Aarith+++++++-%3E+(arith+%3D%3E+Factor)%0A%0AArith+%2B%3E+Factor%0ASUB+(NUM+%220%22)+rhs+-%3E+'-'+(rhs+%3D%3E+Factor)%0ANUM+n+++++++++++++-%3E+(n+%3D%3E+String)%0Aarith+++++++++++++-%3E+'('+(arith+%3D%3E+Expr)+')'%0A [32m200 [90m2190ms - 87b[0m
[90mGET /images/form_bg.jpg [36m304 [90m1ms[0m
cstring.txt saved
concrete.xml generated
successfully generated result target xml file(abstract.xml)
send updated source to client
[90mGET /bx?sourceString=(1%2B2*(0-4))&targetXML=please+run+forward+transformation&flag=f [32m200 [90m729ms - 766b[0m
cstring.txt saved
concrete.xml generated
successfully generated result target xml file(abstract.xml)
send updated source to client
[90mGET /bx?sourceString=(1%2B2*(0-4))&targetXML=%3C%3Fxml+version%3D%221.0%22%3F%3E%0A%3Carith%3E%0A++%3Cadd%3E%0A++++%3Carith%3E%0A++++++%3Cnum%3E%0A++++++++%3Cbiyaccpcdata%3E1%3C%2Fbiyaccpcdata%3E%0A++++++%3C%2Fnum%3E%0A++++%3C%2Farith%3E%0A++++%3Carith%3E%0A++++++%3Cmul%3E%0A++++++++%3Carith%3E%0A++++++++++%3Cnum%3E%0A++++++++++++%3Cbiyaccpcdata%3E2%3C%2Fbiyaccpcdata%3E%0A++++++++++%3C%2Fnum%3E%0A++++++++%3C%2Farith%3E%0A++++++++%3Carith%3E%0A++++++++++%3Csub%3E%0A++++++++++++%3Carith%3E%0A++++++++++++++%3Cnum%3E%0A++++++++++++++++%3Cbiyaccpcdata%3E0%3C%2Fbiyaccpcdata%3E%0A++++++++++++++%3C%2Fnum%3E%0A++++++++++++%3C%2Farith%3E%0A++++++++++++%3Carith%3E%0A++++++++++++++%3Cnum%3E%0A++++++++++++++++%3Cbiyaccpcdata%3E4%3C%2Fbiyaccpcdata%3E%0A++++++++++++++%3C%2Fnum%3E%0A++++++++++++%3C%2Farith%3E%0A++++++++++%3C%2Fsub%3E%0A++++++++%3C%2Farith%3E%0A++++++%3C%2Fmul%3E%0A++++%3C%2Farith%3E%0A++%3C%2Fadd%3E%0A%3C%2Farith%3E%0A&flag=f [32m200 [90m743ms - 766b[0m
cstring.txt saved
concrete.xml generated
successfully generated result target xml file(concrete.xml)
send updated source to client
[90mGET /bx?sourceString=(1%2B2*(0-4))&targetXML=%3C%3Fxml+version%3D%221.0%22%3F%3E%0A%3Carith%3E%0A++%3Cadd%3E%0A++++%3Carith%3E%0A++++++%3Cnum%3E%0A++++++++%3Cbiyaccpcdata%3E1%3C%2Fbiyaccpcdata%3E%0A++++++%3C%2Fnum%3E%0A++++%3C%2Farith%3E%0A++++%3Carith%3E%0A++++++%3Cmul%3E%0A++++++++%3Carith%3E%0A++++++++++%3Cnum%3E%0A++++++++++++%3Cbiyaccpcdata%3E2%3C%2Fbiyaccpcdata%3E%0A++++++++++%3C%2Fnum%3E%0A++++++++%3C%2Farith%3E%0A++++++++%3Carith%3E%0A++++++++++%3Csub%3E%0A++++++++++++%3Carith%3E%0A++++++++++++++%3Cnum%3E%0A++++++++++++++++%3Cbiyaccpcdata%3E0%3C%2Fbiyaccpcdata%3E%0A++++++++++++++%3C%2Fnum%3E%0A++++++++++++%3C%2Farith%3E%0A++++++++++++%3Carith%3E%0A++++++++++++++%3Cnum%3E%0A++++++++++++++++%3Cbiyaccpcdata%3E4%3C%2Fbiyaccpcdata%3E%0A++++++++++++++%3C%2Fnum%3E%0A++++++++++++%3C%2Farith%3E%0A++++++++++%3C%2Fsub%3E%0A++++++++%3C%2Farith%3E%0A++++++%3C%2Fmul%3E%0A++++%3C%2Farith%3E%0A++%3C%2Fadd%3E%0A%3C%2Farith%3E%0A&flag=b [32m200 [90m25ms - 121b[0m
cstring.txt saved
concrete.xml generated
successfully generated result target xml file(concrete.xml)
send updated source to client
[90mGET /bx?sourceString=(1+%2B+2+*+(0+-+4))&targetXML=%3C%3Fxml+version%3D%221.0%22%3F%3E%0A%3Carith%3E%0A++%3Cadd%3E%0A++++%3Carith%3E%0A++++++%3Cnum%3E%0A++++++++%3Cbiyaccpcdata%3E1%3C%2Fbiyaccpcdata%3E%0A++++++%3C%2Fnum%3E%0A++++%3C%2Farith%3E%0A++++%3Carith%3E%0A++++++%3Cmul%3E%0A++++++++%3Carith%3E%0A++++++++++%3Cnum%3E%0A++++++++++++%3Cbiyaccpcdata%3E2%3C%2Fbiyaccpcdata%3E%0A++++++++++%3C%2Fnum%3E%0A++++++++%3C%2Farith%3E%0A++++++++%3Carith%3E%0A++++++++++%3Csub%3E%0A++++++++++++%3Carith%3E%0A++++++++++++++%3Cnum%3E%0A++++++++++++++++%3Cbiyaccpcdata%3E0%3C%2Fbiyaccpcdata%3E%0A++++++++++++++%3C%2Fnum%3E%0A++++++++++++%3C%2Farith%3E%0A++++++++++++%3Carith%3E%0A++++++++++++++%3Cnum%3E%0A++++++++++++++++%3Cbiyaccpcdata%3E4%3C%2Fbiyaccpcdata%3E%0A++++++++++++++%3C%2Fnum%3E%0A++++++++++++%3C%2Farith%3E%0A++++++++++%3C%2Fsub%3E%0A++++++++%3C%2Farith%3E%0A++++++%3C%2Fmul%3E%0A++++%3C%2Farith%3E%0A++%3C%2Fadd%3E%0A%3C%2Farith%3E%0A&flag=b [32m200 [90m26ms - 121b[0m
cstring.txt saved
concrete.xml generated
successfully generated result target xml file(concrete.xml)
send updated source to client
[90mGET /bx?sourceString=(1+%2B+2+*+(0+-+4))&targetXML=%3C%3Fxml+version%3D%221.0%22%3F%3E%0A%3Carith%3E%0A++%3Cadd%3E%0A++++%3Carith%3E%0A++++++%3Cnum%3E%0A++++++++%3Cbiyaccpcdata%3E1%3C%2Fbiyaccpcdata%3E%0A++++++%3C%2Fnum%3E%0A++++%3C%2Farith%3E%0A++++%3Carith%3E%0A++++++%3Cmul%3E%0A++++++++%3Carith%3E%0A++++++++++%3Cnum%3E%0A++++++++++++%3Cbiyaccpcdata%3E2%3C%2Fbiyaccpcdata%3E%0A++++++++++%3C%2Fnum%3E%0A++++++++%3C%2Farith%3E%0A++++++++%3Carith%3E%0A++++++++++%3Csub%3E%0A++++++++++++%3Carith%3E%0A++++++++++++++%3Cnum%3E%0A++++++++++++++++%3Cbiyaccpcdata%3E0%3C%2Fbiyaccpcdata%3E%0A++++++++++++++%3C%2Fnum%3E%0A++++++++++++%3C%2Farith%3E%0A++++++++++++%3Carith%3E%0A++++++++++++++%3Cnum%3E%0A++++++++++++++++%3Cbiyaccpcdata%3E4%3C%2Fbiyaccpcdata%3E%0A++++++++++++++%3C%2Fnum%3E%0A++++++++++++%3C%2Farith%3E%0A++++++++++%3C%2Fsub%3E%0A++++++++%3C%2Farith%3E%0A++++++%3C%2Fmul%3E%0A++++%3C%2Farith%3E%0A++%3C%2Fadd%3E%0A%3C%2Farith%3E%0A&flag=b [36m304 [90m26ms[0m
cstring.txt saved
concrete.xml generated
successfully generated result target xml file(concrete.xml)
send updated source to client
[90mGET /bx?sourceString=(1+%2B+2+*+(0+-+4))&targetXML=%3C%3Fxml+version%3D%221.0%22%3F%3E%0A%3Carith%3E%0A++%3Cadd%3E%0A++++%3Carith%3E%0A++++++%3Cnum%3E%0A++++++++%3Cbiyaccpcdata%3E1%3C%2Fbiyaccpcdata%3E%0A++++++%3C%2Fnum%3E%0A++++%3C%2Farith%3E%0A++++%3Carith%3E%0A++++++%3Cmul%3E%0A++++++++%3Carith%3E%0A++++++++++%3Cnum%3E%0A++++++++++++%3Cbiyaccpcdata%3E2%3C%2Fbiyaccpcdata%3E%0A++++++++++%3C%2Fnum%3E%0A++++++++%3C%2Farith%3E%0A++++++++%3Carith%3E%0A++++++++++%3Csub%3E%0A++++++++++++%3Carith%3E%0A++++++++++++++%3Cnum%3E%0A++++++++++++++++%3Cbiyaccpcdata%3E0%3C%2Fbiyaccpcdata%3E%0A++++++++++++++%3C%2Fnum%3E%0A++++++++++++%3C%2Farith%3E%0A++++++++++++%3Carith%3E%0A++++++++++++++%3Cnum%3E%0A++++++++++++++++%3Cbiyaccpcdata%3E4%3C%2Fbiyaccpcdata%3E%0A++++++++++++++%3C%2Fnum%3E%0A++++++++++++%3C%2Farith%3E%0A++++++++++%3C%2Fsub%3E%0A++++++++%3C%2Farith%3E%0A++++++%3C%2Fmul%3E%0A++++%3C%2Farith%3E%0A++%3C%2Fadd%3E%0A%3C%2Farith%3E%0A&flag=b [36m304 [90m26ms[0m
cstring.txt saved
concrete.xml generated
successfully generated result target xml file(abstract.xml)
send updated source to client
[90mGET /bx?sourceString=(1+%2B+2+*+(0+-+4))&targetXML=%3C%3Fxml+version%3D%221.0%22%3F%3E%0A%3Carith%3E%0A++%3Cadd%3E%0A++++%3Carith%3E%0A++++++%3Cnum%3E%0A++++++++%3Cbiyaccpcdata%3E1%3C%2Fbiyaccpcdata%3E%0A++++++%3C%2Fnum%3E%0A++++%3C%2Farith%3E%0A++++%3Carith%3E%0A++++++%3Cmul%3E%0A++++++++%3Carith%3E%0A++++++++++%3Cnum%3E%0A++++++++++++%3Cbiyaccpcdata%3E2%3C%2Fbiyaccpcdata%3E%0A++++++++++%3C%2Fnum%3E%0A++++++++%3C%2Farith%3E%0A++++++++%3Carith%3E%0A++++++++++%3Csub%3E%0A++++++++++++%3Carith%3E%0A++++++++++++++%3Cnum%3E%0A++++++++++++++++%3Cbiyaccpcdata%3E0%3C%2Fbiyaccpcdata%3E%0A++++++++++++++%3C%2Fnum%3E%0A++++++++++++%3C%2Farith%3E%0A++++++++++++%3Carith%3E%0A++++++++++++++%3Cnum%3E%0A++++++++++++++++%3Cbiyaccpcdata%3E4%3C%2Fbiyaccpcdata%3E%0A++++++++++++++%3C%2Fnum%3E%0A++++++++++++%3C%2Farith%3E%0A++++++++++%3C%2Fsub%3E%0A++++++++%3C%2Farith%3E%0A++++++%3C%2Fmul%3E%0A++++%3C%2Farith%3E%0A++%3C%2Fadd%3E%0A%3C%2Farith%3E%0A&flag=f [32m200 [90m733ms - 766b[0m
cstring.txt saved
concrete.xml generated
successfully generated result target xml file(abstract.xml)
send updated source to client
[90mGET /bx?sourceString=(1+%2B+2+*+(0+-+4))&targetXML=%3C%3Fxml+version%3D%221.0%22%3F%3E%0A%3Carith%3E%0A++%3Cadd%3E%0A++++%3Carith%3E%0A++++++%3Cnum%3E%0A++++++++%3Cbiyaccpcdata%3E1%3C%2Fbiyaccpcdata%3E%0A++++++%3C%2Fnum%3E%0A++++%3C%2Farith%3E%0A++++%3Carith%3E%0A++++++%3Cmul%3E%0A++++++++%3Carith%3E%0A++++++++++%3Cnum%3E%0A++++++++++++%3Cbiyaccpcdata%3E2%3C%2Fbiyaccpcdata%3E%0A++++++++++%3C%2Fnum%3E%0A++++++++%3C%2Farith%3E%0A++++++++%3Carith%3E%0A++++++++++%3Csub%3E%0A++++++++++++%3Carith%3E%0A++++++++++++++%3Cnum%3E%0A++++++++++++++++%3Cbiyaccpcdata%3E0%3C%2Fbiyaccpcdata%3E%0A++++++++++++++%3C%2Fnum%3E%0A++++++++++++%3C%2Farith%3E%0A++++++++++++%3Carith%3E%0A++++++++++++++%3Cnum%3E%0A++++++++++++++++%3Cbiyaccpcdata%3E4%3C%2Fbiyaccpcdata%3E%0A++++++++++++++%3C%2Fnum%3E%0A++++++++++++%3C%2Farith%3E%0A++++++++++%3C%2Fsub%3E%0A++++++++%3C%2Farith%3E%0A++++++%3C%2Fmul%3E%0A++++%3C%2Farith%3E%0A++%3C%2Fadd%3E%0A%3C%2Farith%3E%0A&flag=f [36m304 [90m731ms[0m
cstring.txt saved
concrete.xml generated
successfully generated result target xml file(abstract.xml)
send updated source to client
[90mGET /bx?sourceString=(1+%2B+2+*+(0+-+4))&targetXML=%3C%3Fxml+version%3D%221.0%22%3F%3E%0A%3Carith%3E%0A++%3Cadd%3E%0A++++%3Carith%3E%0A++++++%3Cnum%3E%0A++++++++%3Cbiyaccpcdata%3E1%3C%2Fbiyaccpcdata%3E%0A++++++%3C%2Fnum%3E%0A++++%3C%2Farith%3E%0A++++%3Carith%3E%0A++++++%3Cmul%3E%0A++++++++%3Carith%3E%0A++++++++++%3Cnum%3E%0A++++++++++++%3Cbiyaccpcdata%3E2%3C%2Fbiyaccpcdata%3E%0A++++++++++%3C%2Fnum%3E%0A++++++++%3C%2Farith%3E%0A++++++++%3Carith%3E%0A++++++++++%3Csub%3E%0A++++++++++++%3Carith%3E%0A++++++++++++++%3Cnum%3E%0A++++++++++++++++%3Cbiyaccpcdata%3E0%3C%2Fbiyaccpcdata%3E%0A++++++++++++++%3C%2Fnum%3E%0A++++++++++++%3C%2Farith%3E%0A++++++++++++%3Carith%3E%0A++++++++++++++%3Cnum%3E%0A++++++++++++++++%3Cbiyaccpcdata%3E4%3C%2Fbiyaccpcdata%3E%0A++++++++++++++%3C%2Fnum%3E%0A++++++++++++%3C%2Farith%3E%0A++++++++++%3C%2Fsub%3E%0A++++++++%3C%2Farith%3E%0A++++++%3C%2Fmul%3E%0A++++%3C%2Farith%3E%0A++%3C%2Fadd%3E%0A%3C%2Farith%3E%0A&flag=f [36m304 [90m729ms[0m
render index page
[90mGET / [32m200 [90m2ms - 10.04kb[0m
[90mGET /javascripts/exampleChoose.js [32m200 [90m1ms - 3.32kb[0m
[90mGET /stylesheets/styles.css [32m200 [90m0ms - 10.08kb[0m
[90mGET /javascripts/script.js [32m200 [90m2ms - 368b[0m
[90mGET /javascripts/jquery.scrollTo-1.4.2/jquery.scrollTo-min.js [32m200 [90m2ms - 2.21kb[0m
[90mGET /javascripts/execution.js [32m200 [90m1ms - 5.6kb[0m
[90mGET /images/gradient_light.jpg [33m404 [90m0ms[0m
[90mGET /images/new_arrow.jpg [32m200 [90m1ms - 682b[0m
[90mGET /images/form_bg.jpg [32m200 [90m1ms - 326b[0m
render index page
[90mGET / [32m200 [90m2ms - 10.04kb[0m
[90mGET /javascripts/exampleChoose.js [32m200 [90m1ms - 3.32kb[0m
[90mGET /stylesheets/styles.css [32m200 [90m1ms - 10.08kb[0m
[90mGET /javascripts/jquery.scrollTo-1.4.2/jquery.scrollTo-min.js [32m200 [90m1ms - 2.21kb[0m
[90mGET /javascripts/script.js [32m200 [90m1ms - 368b[0m
[90mGET /javascripts/execution.js [32m200 [90m3ms - 5.6kb[0m
[90mGET /images/gradient_light.jpg [33m404 [90m0ms[0m
[90mGET /images/new_arrow.jpg [32m200 [90m1ms - 682b[0m
[90mGET /images/form_bg.jpg [32m200 [90m1ms - 326b[0m
compilation
biyacc file generated
BiFluX upd file generated
BiFluX hs file generated
/usr/local/bin/ghc out.hs finished.
[90mGET /compile?sourceDTD=Concrete%0A%0AExpr+-%3E+Expr+%27%2B%27+Term%0A++++++%7C+Expr+%27-%27+Term%0A++++++%7C+Term%0A%0ATerm+-%3E+Term+%27*%27+Factor%0A++++++%7C+Term+%27%2F%27+Factor%0A++++++%7C+Factor%0A%0AFactor+-%3E+%27-%27+Factor%0A++++++++%7C+String%0A++++++++%7C+%27(%27+Expr+%27)%27%0A&targetDTD=Abstract%0A%0AArith+%3D+ADD+Arith+Arith%0A++++++%7C+SUB+Arith+Arith%0A++++++%7C+MUL+Arith+Arith%0A++++++%7C+DIV+Arith+Arith%0A++++++%7C+NUM+String%0A&actions=Actions%0A%0AArith+%2B%3E+Expr%0AADD+lhs+++++++rhs++-%3E+(lhs+%3D%3E+Expr)+%27%2B%27+(rhs+%3D%3E+Term)%0ASUB+lhs+++++++rhs++-%3E+(lhs+%3D%3E+Expr)+%27-%27+(rhs+%3D%3E+Term)%0Aarith+++++++++++++++++++++-%3E+(arith+%3D%3E+Term)%0A%0A%0AArith+%2B%3E+Term%0AMUL+lhs+rhs+-%3E+(lhs+%3D%3E+Term)+%27*%27+(rhs+%3D%3E+Factor)%0ADIV+lhs+rhs+-%3E+(lhs+%3D%3E+Term)+%27%2F%27+(rhs+%3D%3E+Factor)%0Aarith+++++++-%3E+(arith+%3D%3E+Factor)%0A%0AArith+%2B%3E+Factor%0ASUB+(NUM+%220%22)+rhs+-%3E+%27-%27+(rhs+%3D%3E+Factor)%0ANUM+n+++++++++++++-%3E+(n+%3D%3E+String)%0Aarith+++++++++++++-%3E+%27(%27+(arith+%3D%3E+Expr)+%27)%27%0A [32m200 [90m2278ms - 87b[0m
render index page
[90mGET / [32m200 [90m1ms - 10.04kb[0m
[90mGET /javascripts/exampleChoose.js [32m200 [90m0ms - 3.32kb[0m
[90mGET /javascripts/jquery.scrollTo-1.4.2/jquery.scrollTo-min.js [32m200 [90m1ms - 2.21kb[0m
[90mGET /stylesheets/styles.css [32m200 [90m1ms - 10.08kb[0m
[90mGET /javascripts/script.js [32m200 [90m2ms - 368b[0m
[90mGET /javascripts/execution.js [32m200 [90m1ms - 5.6kb[0m
[90mGET /images/gradient_light.jpg [33m404 [90m0ms[0m
[90mGET /images/new_arrow.jpg [32m200 [90m1ms - 682b[0m
[90mGET /images/form_bg.jpg [32m200 [90m0ms - 326b[0m
cstring.txt saved
concrete.xml generated
successfully generated result target xml file(abstract.xml)
send updated source to client
[90mGET /bx?sourceString=(1%2B2*(0-4))&targetXML=please+run+forward+transformation&flag=f [32m200 [90m751ms - 766b[0m
render index page
[90mGET / [36m304 [90m1ms[0m
[90mGET /javascripts/exampleChoose.js [36m304 [90m0ms[0m
[90mGET /stylesheets/styles.css [36m304 [90m1ms[0m
[90mGET /javascripts/jquery.scrollTo-1.4.2/jquery.scrollTo-min.js [36m304 [90m4ms[0m
[90mGET /javascripts/script.js [36m304 [90m1ms[0m
[90mGET /javascripts/execution.js [36m304 [90m1ms[0m
[90mGET http://pl.wikipedia.org/wiki/Special:Search?search=&go=Go [33m404 [90m1ms[0m
[90mGET /manager/html [33m404 [90m0ms[0m
render index page
[90mGET / [32m200 [90m1ms - 10.04kb[0m
[90mGET /javascripts/exampleChoose.js [32m200 [90m2ms - 3.32kb[0m
[90mGET /stylesheets/styles.css [32m200 [90m0ms - 10.08kb[0m
[90mGET /javascripts/script.js [32m200 [90m1ms - 368b[0m
[90mGET /javascripts/jquery.scrollTo-1.4.2/jquery.scrollTo-min.js [32m200 [90m1ms - 2.21kb[0m
[90mGET /javascripts/execution.js [32m200 [90m1ms - 5.6kb[0m
[90mGET /images/gradient_light.jpg [33m404 [90m0ms[0m
[90mGET /images/new_arrow.jpg [32m200 [90m0ms - 682b[0m
[90mGET /images/form_bg.jpg [32m200 [90m0ms - 326b[0m
render index page
[90mGET / [36m304 [90m1ms[0m
[90mGET /javascripts/exampleChoose.js [36m304 [90m1ms[0m
[90mGET /stylesheets/styles.css [36m304 [90m0ms[0m
[90mGET /javascripts/jquery.scrollTo-1.4.2/jquery.scrollTo-min.js [36m304 [90m0ms[0m
[90mGET /javascripts/script.js [36m304 [90m0ms[0m
[90mGET /javascripts/execution.js [36m304 [90m0ms[0m
render index page
[90mGET / [32m200 [90m1ms - 10.04kb[0m
[90mGET /javascripts/exampleChoose.js [36m304 [90m0ms[0m
[90mGET /stylesheets/styles.css [36m304 [90m1ms[0m
[90mGET /javascripts/script.js [36m304 [90m0ms[0m
[90mGET /javascripts/jquery.scrollTo-1.4.2/jquery.scrollTo-min.js [36m304 [90m1ms[0m
[90mGET /javascripts/execution.js [36m304 [90m1ms[0m
compilation
biyacc file generated
BiFluX upd file generated
BiFluX hs file generated
/usr/local/bin/ghc out.hs finished.
[90mGET /compile?sourceDTD=Concrete%0A%0AExpr+-%3E+Expr+'%2B'+Term%0A++++++%7C+Expr+'-'+Term%0A++++++%7C+Term%0A%0ATerm+-%3E+Term+'*'+Factor%0A++++++%7C+Term+'%2F'+Factor%0A++++++%7C+Factor%0A%0AFactor+-%3E+'-'+Factor%0A++++++++%7C+String%0A++++++++%7C+'('+Expr+')'%0A&targetDTD=Abstract%0A%0AArith+%3D+ADD+Arith+Arith%0A++++++%7C+SUB+Arith+Arith%0A++++++%7C+MUL+Arith+Arith%0A++++++%7C+DIV+Arith+Arith%0A++++++%7C+NUM+String%0A&actions=Actions%0A%0AArith+%2B%3E+Expr%0AADD+lhs+++++++rhs++-%3E+(lhs+%3D%3E+Expr)+'%2B'+(rhs+%3D%3E+Term)%0ASUB+lhs+++++++rhs++-%3E+(lhs+%3D%3E+Expr)+'-'+(rhs+%3D%3E+Term)%0Aarith+++++++++++++++++++++-%3E+(arith+%3D%3E+Term)%0A%0A%0AArith+%2B%3E+Term%0AMUL+lhs+rhs+-%3E+(lhs+%3D%3E+Term)+'*'+(rhs+%3D%3E+Factor)%0ADIV+lhs+rhs+-%3E+(lhs+%3D%3E+Term)+'%2F'+(rhs+%3D%3E+Factor)%0Aarith+++++++-%3E+(arith+%3D%3E+Factor)%0A%0AArith+%2B%3E+Factor%0ASUB+(NUM+%220%22)+rhs+-%3E+'-'+(rhs+%3D%3E+Factor)%0ANUM+n+++++++++++++-%3E+(n+%3D%3E+String)%0Aarith+++++++++++++-%3E+'('+(arith+%3D%3E+Expr)+')'%0A [32m200 [90m2315ms - 87b[0m
[90mGET /images/form_bg.jpg [36m304 [90m2ms[0m
cstring.txt saved
concrete.xml generated
successfully generated result target xml file(abstract.xml)
send updated source to client
[90mGET /bx?sourceString=(1%2B2*(0-4))&targetXML=please+run+forward+transformation&flag=f [32m200 [90m764ms - 766b[0m
[90mGET http://pl.wikipedia.org/wiki/Special:Search?search=&go=Go [33m404 [90m1ms[0m
render index page
[90mGET / [32m200 [90m1ms - 10.04kb[0m
[90mGET /stylesheets/styles.css [32m200 [90m1ms - 10.08kb[0m
[90mGET /javascripts/exampleChoose.js [32m200 [90m1ms - 3.32kb[0m
[90mGET /javascripts/jquery.scrollTo-1.4.2/jquery.scrollTo-min.js [32m200 [90m0ms - 2.21kb[0m
[90mGET /javascripts/execution.js [32m200 [90m1ms - 5.6kb[0m
[90mGET /javascripts/script.js [32m200 [90m1ms - 368b[0m
[90mGET /images/gradient_light.jpg [33m404 [90m0ms[0m
[90mGET /images/new_arrow.jpg [32m200 [90m1ms - 682b[0m
[90mGET /images/form_bg.jpg [32m200 [90m2ms - 326b[0m
compilation
biyacc file generated
BiFluX upd file generated
BiFluX hs file generated
/usr/local/bin/ghc out.hs finished.
[90mGET /compile?sourceDTD=Concrete%0A%0AExpr+-%3E+Expr+'%2B'+Term%0A++++++%7C+Expr+'-'+Term%0A++++++%7C+Term%0A%0ATerm+-%3E+Term+'*'+Factor%0A++++++%7C+Term+'%2F'+Factor%0A++++++%7C+Factor%0A%0AFactor+-%3E+'-'+Factor%0A++++++++%7C+String%0A++++++++%7C+'('+Expr+')'%0A&targetDTD=Abstract%0A%0AArith+%3D+ADD+Arith+Arith%0A++++++%7C+SUB+Arith+Arith%0A++++++%7C+MUL+Arith+Arith%0A++++++%7C+DIV+Arith+Arith%0A++++++%7C+NUM+String%0A&actions=Actions%0A%0AArith+%2B%3E+Expr%0AADD+lhs+++++++rhs++-%3E+(lhs+%3D%3E+Expr)+'%2B'+(rhs+%3D%3E+Term)%0ASUB+lhs+++++++rhs++-%3E+(lhs+%3D%3E+Expr)+'-'+(rhs+%3D%3E+Term)%0Aarith+++++++++++++++++++++-%3E+(arith+%3D%3E+Term)%0A%0A%0AArith+%2B%3E+Term%0AMUL+lhs+rhs+-%3E+(lhs+%3D%3E+Term)+'*'+(rhs+%3D%3E+Factor)%0ADIV+lhs+rhs+-%3E+(lhs+%3D%3E+Term)+'%2F'+(rhs+%3D%3E+Factor)%0Aarith+++++++-%3E+(arith+%3D%3E+Factor)%0A%0AArith+%2B%3E+Factor%0ASUB+(NUM+%220%22)+rhs+-%3E+'-'+(rhs+%3D%3E+Factor)%0ANUM+n+++++++++++++-%3E+(n+%3D%3E+String)%0Aarith+++++++++++++-%3E+'('+(arith+%3D%3E+Expr)+')'%0A [32m200 [90m2191ms - 87b[0m
[90mGET /images/form_bg.jpg [36m304 [90m1ms[0m
cstring.txt saved
concrete.xml generated
successfully generated result target xml file(abstract.xml)
send updated source to client
[90mGET /bx?sourceString=(1%2B2*(0-4))&targetXML=please+run+forward+transformation&flag=f [32m200 [90m725ms - 766b[0m
cstring.txt saved
concrete.xml generated
successfully generated result target xml file(concrete.xml)
send updated source to client
[90mGET /bx?sourceString=(1%2B2*(0-4))&targetXML=%3C%3Fxml+version%3D%221.0%22%3F%3E%0A%3Carith%3E%0A++%3Cadd%3E%0A++++%3Carith%3E%0A++++++%3Cnum%3E%0A++++++++%3Cbiyaccpcdata%3E1%3C%2Fbiyaccpcdata%3E%0A++++++%3C%2Fnum%3E%0A++++%3C%2Farith%3E%0A++++%3Carith%3E%0A++++++%3Cmul%3E%0A++++++++%3Carith%3E%0A++++++++++%3Cnum%3E%0A++++++++++++%3Cbiyaccpcdata%3E2%3C%2Fbiyaccpcdata%3E%0A++++++++++%3C%2Fnum%3E%0A++++++++%3C%2Farith%3E%0A++++++++%3Carith%3E%0A++++++++++%3Csub%3E%0A++++++++++++%3Carith%3E%0A++++++++++++++%3Cnum%3E%0A++++++++++++++++%3Cbiyaccpcdata%3E0%3C%2Fbiyaccpcdata%3E%0A++++++++++++++%3C%2Fnum%3E%0A++++++++++++%3C%2Farith%3E%0A++++++++++++%3Carith%3E%0A++++++++++++++%3Cnum%3E%0A++++++++++++++++%3Cbiyaccpcdata%3E4%3C%2Fbiyaccpcdata%3E%0A++++++++++++++%3C%2Fnum%3E%0A++++++++++++%3C%2Farith%3E%0A++++++++++%3C%2Fsub%3E%0A++++++++%3C%2Farith%3E%0A++++++%3C%2Fmul%3E%0A++++%3C%2Farith%3E%0A++%3C%2Fadd%3E%0A%3C%2Farith%3E%0A&flag=b [32m200 [90m25ms - 121b[0m
cstring.txt saved
concrete.xml generated
successfully generated result target xml file(concrete.xml)
send updated source to client
[90mGET /bx?sourceString=(1+%2B+2+*+(0+-+4))&targetXML=%3C%3Fxml+version%3D%221.0%22%3F%3E%0A%3Carith%3E%0A++%3Cadd%3E%0A++++%3Carith%3E%0A++++++%3Cnum%3E%0A++++++++%3Cbiyaccpcdata%3E1%3C%2Fbiyaccpcdata%3E%0A++++++%3C%2Fnum%3E%0A++++%3C%2Farith%3E%0A++++%3Carith%3E%0A++++++%3Cmul%3E%0A++++++++%3Carith%3E%0A++++++++++%3Cnum%3E%0A++++++++++++%3Cbiyaccpcdata%3E4%3C%2Fbiyaccpcdata%3E%0A++++++++++%3C%2Fnum%3E%0A++++++++%3C%2Farith%3E%0A++++++++%3Carith%3E%0A++++++++++%3Csub%3E%0A++++++++++++%3Carith%3E%0A++++++++++++++%3Cnum%3E%0A++++++++++++++++%3Cbiyaccpcdata%3E0%3C%2Fbiyaccpcdata%3E%0A++++++++++++++%3C%2Fnum%3E%0A++++++++++++%3C%2Farith%3E%0A++++++++++++%3Carith%3E%0A++++++++++++++%3Cnum%3E%0A++++++++++++++++%3Cbiyaccpcdata%3E4%3C%2Fbiyaccpcdata%3E%0A++++++++++++++%3C%2Fnum%3E%0A++++++++++++%3C%2Farith%3E%0A++++++++++%3C%2Fsub%3E%0A++++++++%3C%2Farith%3E%0A++++++%3C%2Fmul%3E%0A++++%3C%2Farith%3E%0A++%3C%2Fadd%3E%0A%3C%2Farith%3E%0A&flag=b [32m200 [90m24ms - 121b[0m
cstring.txt saved
concrete.xml generated
successfully generated result target xml file(concrete.xml)
send updated source to client
[90mGET /bx?sourceString=(1+%2B+4+*+(0+-+4))&targetXML=%3C%3Fxml+version%3D%221.0%22%3F%3E%0A%3Carith%3E%0A++%3Cadd%3E%0A++++%3Carith%3E%0A++++++%3Cnum%3E%0A++++++++%3Cbiyaccpcdata%3E1%3C%2Fbiyaccpcdata%3E%0A++++++%3C%2Fnum%3E%0A++++%3C%2Farith%3E%0A++++%3Carith%3E%0A++++++%3Cmul%3E%0A++++++++%3Carith%3E%0A++++++++++%3Cnum%3E%0A++++++++++++%3Cbiyaccpcdata%3E6%3C%2Fbiyaccpcdata%3E%0A++++++++++%3C%2Fnum%3E%0A++++++++%3C%2Farith%3E%0A++++++++%3Carith%3E%0A++++++++++%3Csub%3E%0A++++++++++++%3Carith%3E%0A++++++++++++++%3Cnum%3E%0A++++++++++++++++%3Cbiyaccpcdata%3E0%3C%2Fbiyaccpcdata%3E%0A++++++++++++++%3C%2Fnum%3E%0A++++++++++++%3C%2Farith%3E%0A++++++++++++%3Carith%3E%0A++++++++++++++%3Cnum%3E%0A++++++++++++++++%3Cbiyaccpcdata%3E4%3C%2Fbiyaccpcdata%3E%0A++++++++++++++%3C%2Fnum%3E%0A++++++++++++%3C%2Farith%3E%0A++++++++++%3C%2Fsub%3E%0A++++++++%3C%2Farith%3E%0A++++++%3C%2Fmul%3E%0A++++%3C%2Farith%3E%0A++%3C%2Fadd%3E%0A%3C%2Farith%3E%0A&flag=b [32m200 [90m24ms - 121b[0m
[90mGET /manager/html [33m404 [90m1ms[0m
[90mGET http://testp3.pospr.waw.pl/testproxy.php [33m404 [90m1ms[0m
render index page
[90mGET / [32m200 [90m1ms - 10.04kb[0m
render index page
[90mGET / [36m304 [90m1ms[0m
[90mGET /javascripts/exampleChoose.js [36m304 [90m0ms[0m
[90mGET /stylesheets/styles.css [36m304 [90m0ms[0m
[90mGET /javascripts/jquery.scrollTo-1.4.2/jquery.scrollTo-min.js [36m304 [90m1ms[0m
[90mGET /javascripts/script.js [36m304 [90m1ms[0m
[90mGET /javascripts/execution.js [36m304 [90m0ms[0m
Express server listening on port 8080
render index page
[90mGET / [36m304 [90m7ms[0m
[90mGET /javascripts/exampleChoose.js [36m304 [90m2ms[0m
[90mGET /javascripts/jquery.scrollTo-1.4.2/jquery.scrollTo-min.js [36m304 [90m0ms[0m
[90mGET /javascripts/execution.js [36m304 [90m0ms[0m
[90mGET /javascripts/script.js [36m304 [90m0ms[0m
[90mGET /stylesheets/styles.css [36m304 [90m3ms[0m
[90mGET /images/gradient_light.jpg [33m404 [90m1ms[0m
[90mGET /images/new_arrow.jpg [36m304 [90m2ms[0m
[90mGET /images/form_bg.jpg [36m304 [90m2ms[0m
compilation
biyacc file generated
BiFluX upd file generated
BiFluX hs file generated
/usr/local/bin/ghc out.hs finished.
[90mGET /compile?sourceDTD=Concrete%0A%0AExpr+-%3E+Expr+'%2B'+Term%0A++++++%7C+Expr+'-'+Term%0A++++++%7C+Term%0A%0ATerm+-%3E+Term+'*'+Factor%0A++++++%7C+Term+'%2F'+Factor%0A++++++%7C+Factor%0A%0AFactor+-%3E+'-'+Factor%0A++++++++%7C+String%0A++++++++%7C+'('+Expr+')'%0A&targetDTD=Abstract%0A%0AArith+%3D+ADD+Arith+Arith%0A++++++%7C+SUB+Arith+Arith%0A++++++%7C+MUL+Arith+Arith%0A++++++%7C+DIV+Arith+Arith%0A++++++%7C+NUM+String%0A&actions=Actions%0A%0AArith+%2B%3E+Expr%0AADD+lhs+++++++rhs++-%3E+(lhs+%3D%3E+Expr)+'%2B'+(rhs+%3D%3E+Term)%0ASUB+lhs+++++++rhs++-%3E+(lhs+%3D%3E+Expr)+'-'+(rhs+%3D%3E+Term)%0Aarith+++++++++++++++++++++-%3E+(arith+%3D%3E+Term)%0A%0A%0AArith+%2B%3E+Term%0AMUL+lhs+rhs+-%3E+(lhs+%3D%3E+Term)+'*'+(rhs+%3D%3E+Factor)%0ADIV+lhs+rhs+-%3E+(lhs+%3D%3E+Term)+'%2F'+(rhs+%3D%3E+Factor)%0Aarith+++++++-%3E+(arith+%3D%3E+Factor)%0A%0AArith+%2B%3E+Factor%0ASUB+(NUM+%220%22)+rhs+-%3E+'-'+(rhs+%3D%3E+Factor)%0ANUM+n+++++++++++++-%3E+(n+%3D%3E+String)%0Aarith+++++++++++++-%3E+'('+(arith+%3D%3E+Expr)+')'%0A [36m304 [90m2211ms[0m
[90mGET /images/form_bg.jpg [36m304 [90m1ms[0m
cstring.txt saved
concrete.xml generated
successfully generated result target xml file(abstract.xml)
send updated source to client
[90mGET /bx?sourceString=(1%2B2*(0-4))&targetXML=please+run+forward+transformation&flag=f [36m304 [90m747ms[0m
cstring.txt saved
{ [Error: Command failed: ExprPPP: (line 1, column 1):
unexpected end of input
] killed: false, code: 1, signal: null }
